# JRE version: OpenJDK Runtime Environment Temurin-21.0.5+11 (21.0.5+11) (build 21.0.5+11-LTS)
# Java VM: OpenJDK 64-Bit Server VM Temurin-21.0.5+11 (21.0.5+11-LTS, mixed mode, sharing, tiered, compressed oops, compressed class ptrs, parallel gc, windows-amd64)
GC Precious Log:
 CardTable entry size: 512
 CPUs: 12 total, 12 available
 Memory: 16333M
 Large Page Support: Disabled
 NUMA Support: Disabled
 Compressed Oops: Enabled (32-bit)
 Alignments: Space 512K, Generation 512K, Heap 2M
 Heap Min Capacity: 100M
 Heap Initial Capacity: 100M
 Heap Max Capacity: 1G
 Pre-touch: Disabled
 Parallel Workers: 10
Heap:
 PSYoungGen      total 2048K, used 723K [0x00000000eab00000, 0x00000000ead80000, 0x0000000100000000)
  eden space 1536K, 14% used [0x00000000eab00000,0x00000000eab38d00,0x00000000eac80000)
  from space 512K, 96% used [0x00000000eac80000,0x00000000eacfc010,0x00000000ead00000)
  to   space 512K, 0% used [0x00000000ead00000,0x00000000ead00000,0x00000000ead80000)
 ParOldGen       total 670208K, used 669861K [0x00000000c0000000, 0x00000000e8e80000, 0x00000000eab00000)
  object space 670208K, 99% used [0x00000000c0000000,0x00000000e8e294b0,0x00000000e8e80000)
 Metaspace       used 77388K, committed 78976K, reserved 1179648K
  class space    used 7777K, committed 8448K, reserved 1048576K
GC Heap History (20 events):
Event: 168.035 GC heap before
{Heap before GC invocations=1321 (full 4):
 PSYoungGen      total 1536K, used 1408K [0x00000000eab00000, 0x00000000ead80000, 0x0000000100000000)
  eden space 1024K, 100% used [0x00000000eab00000,0x00000000eac00000,0x00000000eac00000)
  from space 512K, 75% used [0x00000000eac80000,0x00000000eace0000,0x00000000ead00000)
  to   space 512K, 0% used [0x00000000ead00000,0x00000000ead00000,0x00000000ead80000)
 ParOldGen       total 668672K, used 668214K [0x00000000c0000000, 0x00000000e8d00000, 0x00000000eab00000)
  object space 668672K, 99% used [0x00000000c0000000,0x00000000e8c8dbf8,0x00000000e8d00000)
 Metaspace       used 77329K, committed 78912K, reserved 1179648K
  class space    used 7769K, committed 8448K, reserved 1048576K
}
Event: 168.038 GC heap after
{Heap after GC invocations=1321 (full 4):
 PSYoungGen      total 1536K, used 352K [0x00000000eab00000, 0x00000000ead80000, 0x0000000100000000)
  eden space 1024K, 0% used [0x00000000eab00000,0x00000000eab00000,0x00000000eac00000)
  from space 512K, 68% used [0x00000000ead00000,0x00000000ead58000,0x00000000ead80000)
  to   space 512K, 0% used [0x00000000eac80000,0x00000000eac80000,0x00000000ead00000)
 ParOldGen       total 668672K, used 668438K [0x00000000c0000000, 0x00000000e8d00000, 0x00000000eab00000)
  object space 668672K, 99% used [0x00000000c0000000,0x00000000e8cc5bf8,0x00000000e8d00000)
 Metaspace       used 77329K, committed 78912K, reserved 1179648K
  class space    used 7769K, committed 8448K, reserved 1048576K
}
Event: 168.052 GC heap before
{Heap before GC invocations=1322 (full 4):
 PSYoungGen      total 1536K, used 1376K [0x00000000eab00000, 0x00000000ead80000, 0x0000000100000000)
  eden space 1024K, 100% used [0x00000000eab00000,0x00000000eac00000,0x00000000eac00000)
  from space 512K, 68% used [0x00000000ead00000,0x00000000ead58000,0x00000000ead80000)
  to   space 512K, 0% used [0x00000000eac80000,0x00000000eac80000,0x00000000ead00000)
 ParOldGen       total 668672K, used 668438K [0x00000000c0000000, 0x00000000e8d00000, 0x00000000eab00000)
  object space 668672K, 99% used [0x00000000c0000000,0x00000000e8cc5bf8,0x00000000e8d00000)
 Metaspace       used 77337K, committed 78912K, reserved 1179648K
  class space    used 7770K, committed 8448K, reserved 1048576K
}
Event: 168.054 GC heap after
{Heap after GC invocations=1322 (full 4):
 PSYoungGen      total 1536K, used 384K [0x00000000eab00000, 0x00000000ead80000, 0x0000000100000000)
  eden space 1024K, 0% used [0x00000000eab00000,0x00000000eab00000,0x00000000eac00000)
  from space 512K, 75% used [0x00000000eac80000,0x00000000eace0000,0x00000000ead00000)
  to   space 512K, 0% used [0x00000000ead00000,0x00000000ead00000,0x00000000ead80000)
 ParOldGen       total 668672K, used 668630K [0x00000000c0000000, 0x00000000e8d00000, 0x00000000eab00000)
  object space 668672K, 99% used [0x00000000c0000000,0x00000000e8cf5bf8,0x00000000e8d00000)
 Metaspace       used 77337K, committed 78912K, reserved 1179648K
  class space    used 7770K, committed 8448K, reserved 1048576K
}
Event: 168.088 GC heap before
{Heap before GC invocations=1323 (full 4):
 PSYoungGen      total 1536K, used 1402K [0x00000000eab00000, 0x00000000ead80000, 0x0000000100000000)
  eden space 1024K, 99% used [0x00000000eab00000,0x00000000eabfe938,0x00000000eac00000)
  from space 512K, 75% used [0x00000000eac80000,0x00000000eace0000,0x00000000ead00000)
  to   space 512K, 0% used [0x00000000ead00000,0x00000000ead00000,0x00000000ead80000)
 ParOldGen       total 668672K, used 668630K [0x00000000c0000000, 0x00000000e8d00000, 0x00000000eab00000)
  object space 668672K, 99% used [0x00000000c0000000,0x00000000e8cf5bf8,0x00000000e8d00000)
 Metaspace       used 77373K, committed 78976K, reserved 1179648K
  class space    used 7777K, committed 8448K, reserved 1048576K
}
Event: 168.090 GC heap after
{Heap after GC invocations=1323 (full 4):
 PSYoungGen      total 1536K, used 384K [0x00000000eab00000, 0x00000000ead80000, 0x0000000100000000)
  eden space 1024K, 0% used [0x00000000eab00000,0x00000000eab00000,0x00000000eac00000)
  from space 512K, 75% used [0x00000000ead00000,0x00000000ead60030,0x00000000ead80000)
  to   space 512K, 0% used [0x00000000eac80000,0x00000000eac80000,0x00000000ead00000)
 ParOldGen       total 669184K, used 668871K [0x00000000c0000000, 0x00000000e8d80000, 0x00000000eab00000)
  object space 669184K, 99% used [0x00000000c0000000,0x00000000e8d31c08,0x00000000e8d80000)
 Metaspace       used 77373K, committed 78976K, reserved 1179648K
  class space    used 7777K, committed 8448K, reserved 1048576K
}
Event: 168.239 GC heap before
{Heap before GC invocations=1324 (full 4):
 PSYoungGen      total 1536K, used 1407K [0x00000000eab00000, 0x00000000ead80000, 0x0000000100000000)
  eden space 1024K, 99% used [0x00000000eab00000,0x00000000eabffe60,0x00000000eac00000)
  from space 512K, 75% used [0x00000000ead00000,0x00000000ead60030,0x00000000ead80000)
  to   space 512K, 0% used [0x00000000eac80000,0x00000000eac80000,0x00000000ead00000)
 ParOldGen       total 669184K, used 668871K [0x00000000c0000000, 0x00000000e8d80000, 0x00000000eab00000)
  object space 669184K, 99% used [0x00000000c0000000,0x00000000e8d31c08,0x00000000e8d80000)
 Metaspace       used 77381K, committed 78976K, reserved 1179648K
  class space    used 7777K, committed 8448K, reserved 1048576K
}
Event: 168.241 GC heap after
{Heap after GC invocations=1324 (full 4):
 PSYoungGen      total 1536K, used 320K [0x00000000eab00000, 0x00000000ead80000, 0x0000000100000000)
  eden space 1024K, 0% used [0x00000000eab00000,0x00000000eab00000,0x00000000eac00000)
  from space 512K, 62% used [0x00000000eac80000,0x00000000eacd0140,0x00000000ead00000)
  to   space 512K, 0% used [0x00000000ead00000,0x00000000ead00000,0x00000000ead80000)
 ParOldGen       total 669184K, used 669095K [0x00000000c0000000, 0x00000000e8d80000, 0x00000000eab00000)
  object space 669184K, 99% used [0x00000000c0000000,0x00000000e8d69c08,0x00000000e8d80000)
 Metaspace       used 77381K, committed 78976K, reserved 1179648K
  class space    used 7777K, committed 8448K, reserved 1048576K
}
Event: 168.245 GC heap before
{Heap before GC invocations=1325 (full 4):
 PSYoungGen      total 1536K, used 1344K [0x00000000eab00000, 0x00000000ead80000, 0x0000000100000000)
  eden space 1024K, 100% used [0x00000000eab00000,0x00000000eac00000,0x00000000eac00000)
  from space 512K, 62% used [0x00000000eac80000,0x00000000eacd0140,0x00000000ead00000)
  to   space 512K, 0% used [0x00000000ead00000,0x00000000ead00000,0x00000000ead80000)
 ParOldGen       total 669184K, used 669095K [0x00000000c0000000, 0x00000000e8d80000, 0x00000000eab00000)
  object space 669184K, 99% used [0x00000000c0000000,0x00000000e8d69c08,0x00000000e8d80000)
 Metaspace       used 77381K, committed 78976K, reserved 1179648K
  class space    used 7777K, committed 8448K, reserved 1048576K
}
Event: 168.247 GC heap after
{Heap after GC invocations=1325 (full 4):
 PSYoungGen      total 1536K, used 336K [0x00000000eab00000, 0x00000000ead80000, 0x0000000100000000)
  eden space 1024K, 0% used [0x00000000eab00000,0x00000000eab00000,0x00000000eac00000)
  from space 512K, 65% used [0x00000000ead00000,0x00000000ead54010,0x00000000ead80000)
  to   space 512K, 0% used [0x00000000eac80000,0x00000000eac80000,0x00000000ead00000)
 ParOldGen       total 669696K, used 669227K [0x00000000c0000000, 0x00000000e8e00000, 0x00000000eab00000)
  object space 669696K, 99% used [0x00000000c0000000,0x00000000e8d8afc8,0x00000000e8e00000)
 Metaspace       used 77381K, committed 78976K, reserved 1179648K
  class space    used 7777K, committed 8448K, reserved 1048576K
}
Event: 168.261 GC heap before
{Heap before GC invocations=1326 (full 4):
 PSYoungGen      total 1536K, used 1360K [0x00000000eab00000, 0x00000000ead80000, 0x0000000100000000)
  eden space 1024K, 100% used [0x00000000eab00000,0x00000000eac00000,0x00000000eac00000)
  from space 512K, 65% used [0x00000000ead00000,0x00000000ead54010,0x00000000ead80000)
  to   space 512K, 0% used [0x00000000eac80000,0x00000000eac80000,0x00000000ead00000)
 ParOldGen       total 669696K, used 669227K [0x00000000c0000000, 0x00000000e8e00000, 0x00000000eab00000)
  object space 669696K, 99% used [0x00000000c0000000,0x00000000e8d8afc8,0x00000000e8e00000)
 Metaspace       used 77381K, committed 78976K, reserved 1179648K
  class space    used 7777K, committed 8448K, reserved 1048576K
}
Event: 168.263 GC heap after
{Heap after GC invocations=1326 (full 4):
 PSYoungGen      total 1536K, used 416K [0x00000000eab00000, 0x00000000ead80000, 0x0000000100000000)
  eden space 1024K, 0% used [0x00000000eab00000,0x00000000eab00000,0x00000000eac00000)
  from space 512K, 81% used [0x00000000eac80000,0x00000000eace8000,0x00000000ead00000)
  to   space 512K, 0% used [0x00000000ead00000,0x00000000ead00000,0x00000000ead80000)
 ParOldGen       total 669696K, used 669513K [0x00000000c0000000, 0x00000000e8e00000, 0x00000000eab00000)
  object space 669696K, 99% used [0x00000000c0000000,0x00000000e8dd2458,0x00000000e8e00000)
 Metaspace       used 77381K, committed 78976K, reserved 1179648K
  class space    used 7777K, committed 8448K, reserved 1048576K
}
Event: 168.266 GC heap before
{Heap before GC invocations=1327 (full 4):
 PSYoungGen      total 1536K, used 1440K [0x00000000eab00000, 0x00000000ead80000, 0x0000000100000000)
  eden space 1024K, 100% used [0x00000000eab00000,0x00000000eac00000,0x00000000eac00000)
  from space 512K, 81% used [0x00000000eac80000,0x00000000eace8000,0x00000000ead00000)
  to   space 512K, 0% used [0x00000000ead00000,0x00000000ead00000,0x00000000ead80000)
 ParOldGen       total 669696K, used 669513K [0x00000000c0000000, 0x00000000e8e00000, 0x00000000eab00000)
  object space 669696K, 99% used [0x00000000c0000000,0x00000000e8dd2458,0x00000000e8e00000)
 Metaspace       used 77381K, committed 78976K, reserved 1179648K
  class space    used 7777K, committed 8448K, reserved 1048576K
}
Event: 168.268 GC heap after
{Heap after GC invocations=1327 (full 4):
 PSYoungGen      total 1536K, used 128K [0x00000000eab00000, 0x00000000ead80000, 0x0000000100000000)
  eden space 1024K, 0% used [0x00000000eab00000,0x00000000eab00000,0x00000000eac00000)
  from space 512K, 25% used [0x00000000ead00000,0x00000000ead20000,0x00000000ead80000)
  to   space 512K, 0% used [0x00000000eac80000,0x00000000eac80000,0x00000000ead00000)
 ParOldGen       total 670208K, used 669765K [0x00000000c0000000, 0x00000000e8e80000, 0x00000000eab00000)
  object space 670208K, 99% used [0x00000000c0000000,0x00000000e8e114b0,0x00000000e8e80000)
 Metaspace       used 77381K, committed 78976K, reserved 1179648K
  class space    used 7777K, committed 8448K, reserved 1048576K
}
Event: 168.270 GC heap before
{Heap before GC invocations=1328 (full 4):
 PSYoungGen      total 1536K, used 1152K [0x00000000eab00000, 0x00000000ead80000, 0x0000000100000000)
  eden space 1024K, 100% used [0x00000000eab00000,0x00000000eac00000,0x00000000eac00000)
  from space 512K, 25% used [0x00000000ead00000,0x00000000ead20000,0x00000000ead80000)
  to   space 512K, 0% used [0x00000000eac80000,0x00000000eac80000,0x00000000ead00000)
 ParOldGen       total 670208K, used 669765K [0x00000000c0000000, 0x00000000e8e80000, 0x00000000eab00000)
  object space 670208K, 99% used [0x00000000c0000000,0x00000000e8e114b0,0x00000000e8e80000)
 Metaspace       used 77381K, committed 78976K, reserved 1179648K
  class space    used 7777K, committed 8448K, reserved 1048576K
}
Event: 168.272 GC heap after
{Heap after GC invocations=1328 (full 4):
 PSYoungGen      total 2048K, used 400K [0x00000000eab00000, 0x00000000ead80000, 0x0000000100000000)
  eden space 1536K, 0% used [0x00000000eab00000,0x00000000eab00000,0x00000000eac80000)
  from space 512K, 78% used [0x00000000eac80000,0x00000000eace4010,0x00000000ead00000)
  to   space 512K, 0% used [0x00000000ead00000,0x00000000ead00000,0x00000000ead80000)
 ParOldGen       total 670208K, used 669781K [0x00000000c0000000, 0x00000000e8e80000, 0x00000000eab00000)
  object space 670208K, 99% used [0x00000000c0000000,0x00000000e8e154b0,0x00000000e8e80000)
 Metaspace       used 77381K, committed 78976K, reserved 1179648K
  class space    used 7777K, committed 8448K, reserved 1048576K
}
Event: 168.702 GC heap before
{Heap before GC invocations=1329 (full 4):
 PSYoungGen      total 2048K, used 1936K [0x00000000eab00000, 0x00000000ead80000, 0x0000000100000000)
  eden space 1536K, 100% used [0x00000000eab00000,0x00000000eac80000,0x00000000eac80000)
  from space 512K, 78% used [0x00000000eac80000,0x00000000eace4010,0x00000000ead00000)
  to   space 512K, 0% used [0x00000000ead00000,0x00000000ead00000,0x00000000ead80000)
 ParOldGen       total 670208K, used 669781K [0x00000000c0000000, 0x00000000e8e80000, 0x00000000eab00000)
  object space 670208K, 99% used [0x00000000c0000000,0x00000000e8e154b0,0x00000000e8e80000)
 Metaspace       used 77385K, committed 78976K, reserved 1179648K
  class space    used 7777K, committed 8448K, reserved 1048576K
}
Event: 168.705 GC heap after
{Heap after GC invocations=1329 (full 4):
 PSYoungGen      total 2048K, used 480K [0x00000000eab00000, 0x00000000ead80000, 0x0000000100000000)
  eden space 1536K, 0% used [0x00000000eab00000,0x00000000eab00000,0x00000000eac80000)
  from space 512K, 93% used [0x00000000ead00000,0x00000000ead78000,0x00000000ead80000)
  to   space 512K, 0% used [0x00000000eac80000,0x00000000eac80000,0x00000000ead00000)
 ParOldGen       total 670208K, used 669789K [0x00000000c0000000, 0x00000000e8e80000, 0x00000000eab00000)
  object space 670208K, 99% used [0x00000000c0000000,0x00000000e8e174b0,0x00000000e8e80000)
 Metaspace       used 77385K, committed 78976K, reserved 1179648K
  class space    used 7777K, committed 8448K, reserved 1048576K
}
Event: 168.716 GC heap before
{Heap before GC invocations=1330 (full 4):
 PSYoungGen      total 2048K, used 2016K [0x00000000eab00000, 0x00000000ead80000, 0x0000000100000000)
  eden space 1536K, 100% used [0x00000000eab00000,0x00000000eac80000,0x00000000eac80000)
  from space 512K, 93% used [0x00000000ead00000,0x00000000ead78000,0x00000000ead80000)
  to   space 512K, 0% used [0x00000000eac80000,0x00000000eac80000,0x00000000ead00000)
 ParOldGen       total 670208K, used 669789K [0x00000000c0000000, 0x00000000e8e80000, 0x00000000eab00000)
  object space 670208K, 99% used [0x00000000c0000000,0x00000000e8e174b0,0x00000000e8e80000)
 Metaspace       used 77388K, committed 78976K, reserved 1179648K
  class space    used 7777K, committed 8448K, reserved 1048576K
}
Event: 168.718 GC heap after
{Heap after GC invocations=1330 (full 4):
 PSYoungGen      total 2048K, used 496K [0x00000000eab00000, 0x00000000ead80000, 0x0000000100000000)
  eden space 1536K, 0% used [0x00000000eab00000,0x00000000eab00000,0x00000000eac80000)
  from space 512K, 96% used [0x00000000eac80000,0x00000000eacfc010,0x00000000ead00000)
  to   space 512K, 0% used [0x00000000ead00000,0x00000000ead00000,0x00000000ead80000)
 ParOldGen       total 670208K, used 669861K [0x00000000c0000000, 0x00000000e8e80000, 0x00000000eab00000)
  object space 670208K, 99% used [0x00000000c0000000,0x00000000e8e294b0,0x00000000e8e80000)
 Metaspace       used 77388K, committed 78976K, reserved 1179648K
  class space    used 7777K, committed 8448K, reserved 1048576K
}

